<?xml version="1.0" encoding="UTF-8"?>
<!-- Generated by org.testng.reporters.JUnitXMLReporter -->
<testsuite hostname="ATMECSINLT-711" ignored="0" name="Test" tests="4" failures="0" timestamp="28 Sep 2020 08:46:16 GMT" time="64.236" errors="0">
  <testcase name="@BeforeMethod invokeBrowser" time="8.677" classname="com.atmecs.demoblaze.testsuit.BaseTest">
    <failure type="org.openqa.selenium.WebDriverException" message="unknown error: cannot determine loading status
from disconnected: received Inspector.detached event
  (Session info: chrome=85.0.4183.102)
Build info: version: &amp;apos;3.141.59&amp;apos;, revision: &amp;apos;e82be7d358&amp;apos;, time: &amp;apos;2018-11-14T08:17:03&amp;apos;
System info: host: &amp;apos;ATMECSINLT-711&amp;apos;, ip: &amp;apos;192.168.63.1&amp;apos;, os.name: &amp;apos;Windows 10&amp;apos;, os.arch: &amp;apos;amd64&amp;apos;, os.version: &amp;apos;10.0&amp;apos;, java.version: &amp;apos;1.8.0_261&amp;apos;
Driver info: org.openqa.selenium.chrome.ChromeDriver
Capabilities {acceptInsecureCerts: false, browserName: chrome, browserVersion: 85.0.4183.102, chrome: {chromedriverVersion: 85.0.4183.87 (cd6713ebf92fa..., userDataDir: C:\Users\ANSHIK~1.NEG\AppDa...}, goog:chromeOptions: {debuggerAddress: localhost:52117}, javascriptEnabled: true, networkConnectionEnabled: false, pageLoadStrategy: normal, platform: WINDOWS, platformName: WINDOWS, proxy: Proxy(), setWindowRect: true, strictFileInteractability: false, timeouts: {implicit: 0, pageLoad: 300000, script: 30000}, unhandledPromptBehavior: dismiss and notify, webauthn:virtualAuthenticators: true}
Session ID: 411b5134bf2c95fdc848944fa5d2e7ae">
      <![CDATA[org.openqa.selenium.WebDriverException: unknown error: cannot determine loading status
from disconnected: received Inspector.detached event
  (Session info: chrome=85.0.4183.102)
Build info: version: '3.141.59', revision: 'e82be7d358', time: '2018-11-14T08:17:03'
System info: host: 'ATMECSINLT-711', ip: '192.168.63.1', os.name: 'Windows 10', os.arch: 'amd64', os.version: '10.0', java.version: '1.8.0_261'
Driver info: org.openqa.selenium.chrome.ChromeDriver
Capabilities {acceptInsecureCerts: false, browserName: chrome, browserVersion: 85.0.4183.102, chrome: {chromedriverVersion: 85.0.4183.87 (cd6713ebf92fa..., userDataDir: C:\Users\ANSHIK~1.NEG\AppDa...}, goog:chromeOptions: {debuggerAddress: localhost:52117}, javascriptEnabled: true, networkConnectionEnabled: false, pageLoadStrategy: normal, platform: WINDOWS, platformName: WINDOWS, proxy: Proxy(), setWindowRect: true, strictFileInteractability: false, timeouts: {implicit: 0, pageLoad: 300000, script: 30000}, unhandledPromptBehavior: dismiss and notify, webauthn:virtualAuthenticators: true}
Session ID: 411b5134bf2c95fdc848944fa5d2e7ae
at org.openqa.selenium.remote.http.W3CHttpResponseCodec.createException(W3CHttpResponseCodec.java:187)
at org.openqa.selenium.remote.http.W3CHttpResponseCodec.decode(W3CHttpResponseCodec.java:122)
at org.openqa.selenium.remote.http.W3CHttpResponseCodec.decode(W3CHttpResponseCodec.java:49)
at org.openqa.selenium.remote.HttpCommandExecutor.execute(HttpCommandExecutor.java:158)
at org.openqa.selenium.remote.service.DriverCommandExecutor.execute(DriverCommandExecutor.java:83)
at org.openqa.selenium.remote.RemoteWebDriver.execute(RemoteWebDriver.java:552)
at org.openqa.selenium.remote.RemoteWebDriver.get(RemoteWebDriver.java:277)
at com.atmecs.demoblaze.testsuit.BaseTest.invokeBrowser(BaseTest.java:35)
... Removed 32 stack frames]]>
    </failure>
  </testcase> <!-- @BeforeMethod invokeBrowser -->
  <testcase name="@AfterMethod closeBrowser" time="0.0" classname="com.atmecs.demoblaze.testsuit.BaseTest">
    <skipped/>
  </testcase> <!-- @AfterMethod closeBrowser -->
  <testcase name="@BeforeMethod invokeBrowser" time="10.641" classname="com.atmecs.demoblaze.testsuit.BaseTest">
    <failure type="org.openqa.selenium.SessionNotCreatedException" message="session not created
from chrome not reachable
  (Session info: chrome=85.0.4183.102)
Build info: version: &amp;apos;3.141.59&amp;apos;, revision: &amp;apos;e82be7d358&amp;apos;, time: &amp;apos;2018-11-14T08:17:03&amp;apos;
System info: host: &amp;apos;ATMECSINLT-711&amp;apos;, ip: &amp;apos;192.168.63.1&amp;apos;, os.name: &amp;apos;Windows 10&amp;apos;, os.arch: &amp;apos;amd64&amp;apos;, os.version: &amp;apos;10.0&amp;apos;, java.version: &amp;apos;1.8.0_261&amp;apos;
Driver info: driver.version: ChromeDriver
remote stacktrace: Backtrace:
	Ordinal0 [0x0030D383+3134339]
	Ordinal0 [0x001FA171+2007409]
	Ordinal0 [0x0009AD90+568720]
	Ordinal0 [0x00091364+529252]
	Ordinal0 [0x000919FC+530940]
	Ordinal0 [0x00092C15+535573]
	Ordinal0 [0x0008DFC5+516037]
	Ordinal0 [0x0009BF70+573296]
	Ordinal0 [0x00041916+203030]
	Ordinal0 [0x00040C1D+199709]
	Ordinal0 [0x0003EB0B+191243]
	Ordinal0 [0x00022E77+77431]
	Ordinal0 [0x00023E3E+81470]
	Ordinal0 [0x00023DC9+81353]
	Ordinal0 [0x00210CD9+2100441]
	GetHandleVerifier [0x0047B75A+1396954]
	GetHandleVerifier [0x0047B3D9+1396057]
	GetHandleVerifier [0x00487126+1444518]
	GetHandleVerifier [0x0047BCE8+1398376]
	Ordinal0 [0x00207F51+2064209]
	Ordinal0 [0x002122EB+2106091]
	Ordinal0 [0x00212411+2106385]
	Ordinal0 [0x002249C4+2181572]
	BaseThreadInitThunk [0x74C96359+25]
	RtlGetAppContainerNamedObjectPath [0x77427B74+228]
	RtlGetAppContainerNamedObjectPath [0x77427B44+180]
	(No symbol) [0x00000000]
">
      <![CDATA[org.openqa.selenium.SessionNotCreatedException: session not created
from chrome not reachable
  (Session info: chrome=85.0.4183.102)
Build info: version: '3.141.59', revision: 'e82be7d358', time: '2018-11-14T08:17:03'
System info: host: 'ATMECSINLT-711', ip: '192.168.63.1', os.name: 'Windows 10', os.arch: 'amd64', os.version: '10.0', java.version: '1.8.0_261'
Driver info: driver.version: ChromeDriver
remote stacktrace: Backtrace:
Ordinal0 [0x0030D383+3134339]
Ordinal0 [0x001FA171+2007409]
Ordinal0 [0x0009AD90+568720]
Ordinal0 [0x00091364+529252]
Ordinal0 [0x000919FC+530940]
Ordinal0 [0x00092C15+535573]
Ordinal0 [0x0008DFC5+516037]
Ordinal0 [0x0009BF70+573296]
Ordinal0 [0x00041916+203030]
Ordinal0 [0x00040C1D+199709]
Ordinal0 [0x0003EB0B+191243]
Ordinal0 [0x00022E77+77431]
Ordinal0 [0x00023E3E+81470]
Ordinal0 [0x00023DC9+81353]
Ordinal0 [0x00210CD9+2100441]
GetHandleVerifier [0x0047B75A+1396954]
GetHandleVerifier [0x0047B3D9+1396057]
GetHandleVerifier [0x00487126+1444518]
GetHandleVerifier [0x0047BCE8+1398376]
Ordinal0 [0x00207F51+2064209]
Ordinal0 [0x002122EB+2106091]
Ordinal0 [0x00212411+2106385]
Ordinal0 [0x002249C4+2181572]
BaseThreadInitThunk [0x74C96359+25]
RtlGetAppContainerNamedObjectPath [0x77427B74+228]
RtlGetAppContainerNamedObjectPath [0x77427B44+180]
(No symbol) [0x00000000]

at org.openqa.selenium.remote.W3CHandshakeResponse.lambda$errorHandler$0(W3CHandshakeResponse.java:62)
at org.openqa.selenium.remote.HandshakeResponse.lambda$getResponseFunction$0(HandshakeResponse.java:30)
at org.openqa.selenium.remote.ProtocolHandshake.lambda$createSession$0(ProtocolHandshake.java:126)
at java.util.stream.ReferencePipeline$3$1.accept(Unknown Source)
at java.util.Spliterators$ArraySpliterator.tryAdvance(Unknown Source)
at java.util.stream.ReferencePipeline.forEachWithCancel(Unknown Source)
at java.util.stream.AbstractPipeline.copyIntoWithCancel(Unknown Source)
at java.util.stream.AbstractPipeline.copyInto(Unknown Source)
at java.util.stream.AbstractPipeline.wrapAndCopyInto(Unknown Source)
at java.util.stream.FindOps$FindOp.evaluateSequential(Unknown Source)
at java.util.stream.AbstractPipeline.evaluate(Unknown Source)
at java.util.stream.ReferencePipeline.findFirst(Unknown Source)
at org.openqa.selenium.remote.ProtocolHandshake.createSession(ProtocolHandshake.java:128)
at org.openqa.selenium.remote.ProtocolHandshake.createSession(ProtocolHandshake.java:74)
at org.openqa.selenium.remote.HttpCommandExecutor.execute(HttpCommandExecutor.java:136)
at org.openqa.selenium.remote.service.DriverCommandExecutor.execute(DriverCommandExecutor.java:83)
at org.openqa.selenium.remote.RemoteWebDriver.execute(RemoteWebDriver.java:552)
at org.openqa.selenium.remote.RemoteWebDriver.startSession(RemoteWebDriver.java:213)
at org.openqa.selenium.remote.RemoteWebDriver.<init>(RemoteWebDriver.java:131)
at org.openqa.selenium.chrome.ChromeDriver.<init>(ChromeDriver.java:181)
at org.openqa.selenium.chrome.ChromeDriver.<init>(ChromeDriver.java:168)
at org.openqa.selenium.chrome.ChromeDriver.<init>(ChromeDriver.java:123)
at com.atmecs.demoblaze.testsuit.BaseTest.invokeBrowser(BaseTest.java:32)
... Removed 32 stack frames]]>
    </failure>
  </testcase> <!-- @BeforeMethod invokeBrowser -->
  <testcase name="@AfterMethod closeBrowser" time="0.0" classname="com.atmecs.demoblaze.testsuit.BaseTest">
    <skipped/>
  </testcase> <!-- @AfterMethod closeBrowser -->
  <testcase name="signup" time="0.0" classname="com.atmecs.demoblaze.testscripts.SignUpTest">
    <skipped/>
  </testcase> <!-- signup -->
  <testcase name="Login" time="0.0" classname="com.atmecs.demoblaze.testscripts.LoginTest">
    <skipped/>
  </testcase> <!-- Login -->
  <testcase name="contactus" time="5.743" classname="com.atmecs.demoblaze.testscripts.ContactUsTest"/>
  <testcase name="addtoCart" time="11.732" classname="com.atmecs.demoblaze.testscripts.AddtocartTest"/>
</testsuite> <!-- Test -->
